<?xml version="1.0" encoding="UTF-8"?>
<!-- Generated by org.testng.reporters.JUnitReportReporter -->
<testsuite skipped="0" hostname="ZolonTech_Dell" name="ILAB.Automation_Test.NewTest" tests="1" failures="0" timestamp="01 May 2019 12:29:56 GMT" time="40.512" errors="0">
  <testcase name="openMyBlog" time="40.512" classname="ILAB.Automation_Test.NewTest"/>
</testsuite> <!-- ILAB.Automation_Test.NewTest -->
