<?xml version="1.0" encoding="UTF-8"?>
<!-- Generated by org.testng.reporters.JUnitReportReporter -->
<testsuite skipped="0" hostname="ZolonTech_Dell" name="ILAB.Automation_Test.step1" tests="1" failures="0" timestamp="02 May 2019 13:14:31 GMT" time="32.304" errors="0">
  <testcase name="open_step1" time="32.304" classname="ILAB.Automation_Test.step1"/>
</testsuite> <!-- ILAB.Automation_Test.step1 -->
