<?xml version="1.0" encoding="UTF-8"?>
<!-- Generated by org.testng.reporters.JUnitReportReporter -->
<testsuite skipped="0" hostname="ZolonTech_Dell" name="ILAB.Automation_Test.NewTest" tests="1" failures="0" timestamp="06 May 2019 00:40:25 GMT" time="283.746" errors="0">
  <testcase name="open_Menu" time="283.746" classname="ILAB.Automation_Test.NewTest"/>
</testsuite> <!-- ILAB.Automation_Test.NewTest -->
