<?xml version="1.0" encoding="UTF-8"?>
<!-- Generated by org.testng.reporters.JUnitReportReporter -->
<testsuite skipped="0" hostname="ZolonTech_Dell" name="ILAB.Automation_Test.ILAB_EnglishVersion" tests="1" failures="0" timestamp="30 May 2019 18:18:21 GMT" time="289.654" errors="0">
  <testcase name="open_Menu" time="289.654" classname="ILAB.Automation_Test.ILAB_EnglishVersion"/>
</testsuite> <!-- ILAB.Automation_Test.ILAB_EnglishVersion -->
