<?xml version="1.0" encoding="UTF-8"?>
<!-- Generated by org.testng.reporters.JUnitReportReporter -->
<testsuite skipped="0" hostname="ZolonTech_Dell" name="ILAB.Automation_Test.ILAB_SpanishVersion" tests="1" failures="0" timestamp="09 May 2019 12:26:55 GMT" time="278.864" errors="0">
  <testcase name="open_Menu" time="278.864" classname="ILAB.Automation_Test.ILAB_SpanishVersion"/>
</testsuite> <!-- ILAB.Automation_Test.ILAB_SpanishVersion -->
