<?xml version="1.0" encoding="UTF-8"?>
<!-- Generated by org.testng.reporters.JUnitReportReporter -->
<testsuite skipped="0" hostname="ZolonTech_Dell" name="ILAB.Automation_Test.ILAB_FrenchVersion" tests="1" failures="0" timestamp="09 May 2019 12:26:55 GMT" time="279.706" errors="0">
  <testcase name="open_Menu" time="279.706" classname="ILAB.Automation_Test.ILAB_FrenchVersion"/>
</testsuite> <!-- ILAB.Automation_Test.ILAB_FrenchVersion -->
